[2025-11-16T09:11:12.244+0000] {local_task_job_runner.py:120} INFO - ::group::Pre task execution logs
[2025-11-16T09:11:12.264+0000] {taskinstance.py:2076} INFO - Dependencies all met for dep_context=non-requeueable deps ti=<TaskInstance: first_dag.bf_1 manual__2025-11-16T09:11:09.679717+00:00 [queued]>
[2025-11-16T09:11:12.272+0000] {taskinstance.py:2076} INFO - Dependencies all met for dep_context=requeueable deps ti=<TaskInstance: first_dag.bf_1 manual__2025-11-16T09:11:09.679717+00:00 [queued]>
[2025-11-16T09:11:12.275+0000] {taskinstance.py:2306} INFO - Starting attempt 1 of 1
[2025-11-16T09:11:12.292+0000] {taskinstance.py:2330} INFO - Executing <Task(BashOperator): bf_1> on 2025-11-16 09:11:09.679717+00:00
[2025-11-16T09:11:12.298+0000] {warnings.py:112} WARNING - /home/***/.local/lib/python3.12/site-packages/***/task/task_runner/standard_task_runner.py:62: DeprecationWarning: This process (pid=377) is multi-threaded, use of fork() may lead to deadlocks in the child.
  pid = os.fork()

[2025-11-16T09:11:12.300+0000] {standard_task_runner.py:64} INFO - Started process 378 to run task
[2025-11-16T09:11:12.300+0000] {standard_task_runner.py:90} INFO - Running: ['***', 'tasks', 'run', 'first_dag', 'bf_1', 'manual__2025-11-16T09:11:09.679717+00:00', '--job-id', '5', '--raw', '--subdir', 'DAGS_FOLDER/example_dag.py', '--cfg-path', '/tmp/tmpdr8i5jah']
[2025-11-16T09:11:12.301+0000] {standard_task_runner.py:91} INFO - Job 5: Subtask bf_1
[2025-11-16T09:11:12.352+0000] {task_command.py:426} INFO - Running <TaskInstance: first_dag.bf_1 manual__2025-11-16T09:11:09.679717+00:00 [running]> on host e3347a9ef203
[2025-11-16T09:11:12.429+0000] {taskinstance.py:2648} INFO - Exporting env vars: AIRFLOW_CTX_DAG_OWNER='***' AIRFLOW_CTX_DAG_ID='first_dag' AIRFLOW_CTX_TASK_ID='bf_1' AIRFLOW_CTX_EXECUTION_DATE='2025-11-16T09:11:09.679717+00:00' AIRFLOW_CTX_TRY_NUMBER='1' AIRFLOW_CTX_DAG_RUN_ID='manual__2025-11-16T09:11:09.679717+00:00'
[2025-11-16T09:11:12.431+0000] {taskinstance.py:430} INFO - ::endgroup::
[2025-11-16T09:11:12.442+0000] {subprocess.py:63} INFO - Tmp dir root location: /tmp
[2025-11-16T09:11:12.444+0000] {subprocess.py:75} INFO - Running command: ['/usr/bin/bash', '-c', 'echo "Привет из консоли!"']
[2025-11-16T09:11:12.452+0000] {subprocess.py:86} INFO - Output:
[2025-11-16T09:11:12.454+0000] {subprocess.py:93} INFO - Привет из консоли!
[2025-11-16T09:11:12.455+0000] {subprocess.py:97} INFO - Command exited with return code 0
[2025-11-16T09:11:12.456+0000] {taskinstance.py:441} INFO - ::group::Post task execution logs
[2025-11-16T09:11:12.483+0000] {taskinstance.py:1206} INFO - Marking task as SUCCESS. dag_id=first_dag, task_id=bf_1, run_id=manual__2025-11-16T09:11:09.679717+00:00, execution_date=20251116T091109, start_date=20251116T091112, end_date=20251116T091112
[2025-11-16T09:11:12.514+0000] {local_task_job_runner.py:243} INFO - Task exited with return code 0
[2025-11-16T09:11:12.530+0000] {taskinstance.py:3503} INFO - 0 downstream tasks scheduled from follow-on schedule check
[2025-11-16T09:11:12.536+0000] {local_task_job_runner.py:222} INFO - ::endgroup::
