[2025-11-16T08:49:21.321+0000] {manager.py:470} INFO - Processing files using up to 2 processes at a time 
[2025-11-16T08:49:21.330+0000] {manager.py:471} INFO - Process each file at most once every 30 seconds
[2025-11-16T08:49:21.337+0000] {manager.py:472} INFO - Checking for new files in /opt/airflow/dags every 300 seconds
[2025-11-16T08:49:21.341+0000] {manager.py:737} INFO - Searching for files in /opt/airflow/dags
[2025-11-16T08:49:21.346+0000] {manager.py:740} INFO - There are 0 files in /opt/airflow/dags
[2025-11-16T08:54:21.946+0000] {manager.py:737} INFO - Searching for files in /opt/airflow/dags
[2025-11-16T08:54:21.982+0000] {manager.py:740} INFO - There are 0 files in /opt/airflow/dags
[2025-11-16T08:59:22.484+0000] {manager.py:737} INFO - Searching for files in /opt/airflow/dags
[2025-11-16T08:59:22.522+0000] {manager.py:740} INFO - There are 1 files in /opt/airflow/dags
[2025-11-16T08:59:24.606+0000] {manager.py:878} INFO - 
================================================================================
DAG File Processing Stats

File Path                         PID    Runtime      # DAGs    # Errors  Last Runtime    Last Run
--------------------------------  -----  ---------  --------  ----------  --------------  -------------------
/opt/airflow/dags/example_dag.py                           0           0  0.20s           2025-11-16T08:59:22
================================================================================
[2025-11-16T08:59:54.863+0000] {manager.py:878} INFO - 
================================================================================
DAG File Processing Stats

File Path                         PID    Runtime      # DAGs    # Errors  Last Runtime    Last Run
--------------------------------  -----  ---------  --------  ----------  --------------  -------------------
/opt/airflow/dags/example_dag.py                           0           0  0.08s           2025-11-16T08:59:52
================================================================================
[2025-11-16T09:00:25.180+0000] {manager.py:878} INFO - 
================================================================================
DAG File Processing Stats

File Path                         PID    Runtime      # DAGs    # Errors  Last Runtime    Last Run
--------------------------------  -----  ---------  --------  ----------  --------------  -------------------
/opt/airflow/dags/example_dag.py                           0           0  0.12s           2025-11-16T09:00:23
================================================================================
[2025-11-16T09:00:55.476+0000] {manager.py:878} INFO - 
================================================================================
DAG File Processing Stats

File Path                         PID    Runtime      # DAGs    # Errors  Last Runtime    Last Run
--------------------------------  -----  ---------  --------  ----------  --------------  -------------------
/opt/airflow/dags/example_dag.py                           0           0  0.08s           2025-11-16T09:00:53
================================================================================
[2025-11-16T09:01:25.749+0000] {manager.py:878} INFO - 
================================================================================
DAG File Processing Stats

File Path                         PID    Runtime      # DAGs    # Errors  Last Runtime    Last Run
--------------------------------  -----  ---------  --------  ----------  --------------  -------------------
/opt/airflow/dags/example_dag.py                           0           0  0.12s           2025-11-16T09:01:23
================================================================================
[2025-11-16T09:01:56.185+0000] {manager.py:878} INFO - 
================================================================================
DAG File Processing Stats

File Path                         PID    Runtime      # DAGs    # Errors  Last Runtime    Last Run
--------------------------------  -----  ---------  --------  ----------  --------------  -------------------
/opt/airflow/dags/example_dag.py                           0           0  0.12s           2025-11-16T09:01:54
================================================================================
[2025-11-16T09:02:26.355+0000] {manager.py:878} INFO - 
================================================================================
DAG File Processing Stats

File Path                         PID    Runtime      # DAGs    # Errors  Last Runtime    Last Run
--------------------------------  -----  ---------  --------  ----------  --------------  -------------------
/opt/airflow/dags/example_dag.py                           0           0  0.25s           2025-11-16T09:02:18
================================================================================
[2025-11-16T09:02:56.880+0000] {manager.py:878} INFO - 
================================================================================
DAG File Processing Stats

File Path                         PID    Runtime      # DAGs    # Errors  Last Runtime    Last Run
--------------------------------  -----  ---------  --------  ----------  --------------  -------------------
/opt/airflow/dags/example_dag.py                           0           0  0.18s           2025-11-16T09:02:48
================================================================================
[2025-11-16T09:03:27.324+0000] {manager.py:878} INFO - 
================================================================================
DAG File Processing Stats

File Path                         PID    Runtime      # DAGs    # Errors  Last Runtime    Last Run
--------------------------------  -----  ---------  --------  ----------  --------------  -------------------
/opt/airflow/dags/example_dag.py                           0           0  0.17s           2025-11-16T09:03:19
================================================================================
[2025-11-16T09:03:57.804+0000] {manager.py:878} INFO - 
================================================================================
DAG File Processing Stats

File Path                         PID    Runtime      # DAGs    # Errors  Last Runtime    Last Run
--------------------------------  -----  ---------  --------  ----------  --------------  -------------------
/opt/airflow/dags/example_dag.py                           0           0  0.20s           2025-11-16T09:03:49
================================================================================
[2025-11-16T09:04:23.172+0000] {manager.py:737} INFO - Searching for files in /opt/airflow/dags
[2025-11-16T09:04:23.269+0000] {manager.py:740} INFO - There are 1 files in /opt/airflow/dags
[2025-11-16T09:04:28.377+0000] {manager.py:878} INFO - 
================================================================================
DAG File Processing Stats

File Path                         PID    Runtime      # DAGs    # Errors  Last Runtime    Last Run
--------------------------------  -----  ---------  --------  ----------  --------------  -------------------
/opt/airflow/dags/example_dag.py                           0           0  0.19s           2025-11-16T09:04:20
================================================================================
[2025-11-16T09:04:58.985+0000] {manager.py:878} INFO - 
================================================================================
DAG File Processing Stats

File Path                         PID    Runtime      # DAGs    # Errors  Last Runtime    Last Run
--------------------------------  -----  ---------  --------  ----------  --------------  -------------------
/opt/airflow/dags/example_dag.py                           0           1  0.24s           2025-11-16T09:04:54
================================================================================
[2025-11-16T09:05:29.635+0000] {manager.py:878} INFO - 
================================================================================
DAG File Processing Stats

File Path                         PID    Runtime      # DAGs    # Errors  Last Runtime    Last Run
--------------------------------  -----  ---------  --------  ----------  --------------  -------------------
/opt/airflow/dags/example_dag.py                           0           1  0.25s           2025-11-16T09:05:15
================================================================================
[2025-11-16T09:05:59.670+0000] {manager.py:878} INFO - 
================================================================================
DAG File Processing Stats

File Path                         PID    Runtime      # DAGs    # Errors  Last Runtime    Last Run
--------------------------------  -----  ---------  --------  ----------  --------------  -------------------
/opt/airflow/dags/example_dag.py                           0           1  0.24s           2025-11-16T09:05:55
================================================================================
[2025-11-16T09:06:29.740+0000] {manager.py:878} INFO - 
================================================================================
DAG File Processing Stats

File Path                         PID    Runtime      # DAGs    # Errors  Last Runtime    Last Run
--------------------------------  -----  ---------  --------  ----------  --------------  -------------------
/opt/airflow/dags/example_dag.py                           0           1  0.14s           2025-11-16T09:06:26
================================================================================
[2025-11-16T09:07:00.214+0000] {manager.py:878} INFO - 
================================================================================
DAG File Processing Stats

File Path                         PID    Runtime      # DAGs    # Errors  Last Runtime    Last Run
--------------------------------  -----  ---------  --------  ----------  --------------  -------------------
/opt/airflow/dags/example_dag.py                           0           1  0.20s           2025-11-16T09:06:58
================================================================================
[2025-11-16T09:07:30.283+0000] {manager.py:878} INFO - 
================================================================================
DAG File Processing Stats

File Path                         PID    Runtime      # DAGs    # Errors  Last Runtime    Last Run
--------------------------------  -----  ---------  --------  ----------  --------------  -------------------
/opt/airflow/dags/example_dag.py                           0           1  0.21s           2025-11-16T09:07:28
================================================================================
[2025-11-16T09:08:00.481+0000] {manager.py:878} INFO - 
================================================================================
DAG File Processing Stats

File Path                         PID    Runtime      # DAGs    # Errors  Last Runtime    Last Run
--------------------------------  -----  ---------  --------  ----------  --------------  -------------------
/opt/airflow/dags/example_dag.py                           0           1  0.28s           2025-11-16T09:07:48
================================================================================
[2025-11-16T09:08:31.007+0000] {manager.py:878} INFO - 
================================================================================
DAG File Processing Stats

File Path                         PID    Runtime      # DAGs    # Errors  Last Runtime    Last Run
--------------------------------  -----  ---------  --------  ----------  --------------  -------------------
/opt/airflow/dags/example_dag.py                           0           1  0.31s           2025-11-16T09:08:30
================================================================================
[2025-11-16T09:09:01.187+0000] {manager.py:878} INFO - 
================================================================================
DAG File Processing Stats

File Path                         PID    Runtime      # DAGs    # Errors  Last Runtime    Last Run
--------------------------------  -----  ---------  --------  ----------  --------------  -------------------
/opt/airflow/dags/example_dag.py                           1           0  0.70s           2025-11-16T09:08:59
================================================================================
[2025-11-16T09:09:23.332+0000] {manager.py:737} INFO - Searching for files in /opt/airflow/dags
[2025-11-16T09:09:23.471+0000] {manager.py:740} INFO - There are 1 files in /opt/airflow/dags
[2025-11-16T09:09:31.786+0000] {manager.py:878} INFO - 
================================================================================
DAG File Processing Stats

File Path                         PID    Runtime      # DAGs    # Errors  Last Runtime    Last Run
--------------------------------  -----  ---------  --------  ----------  --------------  -------------------
/opt/airflow/dags/example_dag.py                           1           0  0.22s           2025-11-16T09:09:26
================================================================================
[2025-11-16T09:10:02.377+0000] {manager.py:878} INFO - 
================================================================================
DAG File Processing Stats

File Path                         PID    Runtime      # DAGs    # Errors  Last Runtime    Last Run
--------------------------------  -----  ---------  --------  ----------  --------------  -------------------
/opt/airflow/dags/example_dag.py                           0           1  0.19s           2025-11-16T09:10:00
================================================================================
[2025-11-16T09:10:32.444+0000] {manager.py:878} INFO - 
================================================================================
DAG File Processing Stats

File Path                         PID    Runtime      # DAGs    # Errors  Last Runtime    Last Run
--------------------------------  -----  ---------  --------  ----------  --------------  -------------------
/opt/airflow/dags/example_dag.py                           1           0  0.45s           2025-11-16T09:10:27
================================================================================
[2025-11-16T09:11:03.042+0000] {manager.py:878} INFO - 
================================================================================
DAG File Processing Stats

File Path                         PID    Runtime      # DAGs    # Errors  Last Runtime    Last Run
--------------------------------  -----  ---------  --------  ----------  --------------  -------------------
/opt/airflow/dags/example_dag.py                           1           0  0.23s           2025-11-16T09:10:46
================================================================================
[2025-11-16T09:11:33.444+0000] {manager.py:878} INFO - 
================================================================================
DAG File Processing Stats

File Path                         PID    Runtime      # DAGs    # Errors  Last Runtime    Last Run
--------------------------------  -----  ---------  --------  ----------  --------------  -------------------
/opt/airflow/dags/example_dag.py                           1           0  0.24s           2025-11-16T09:11:16
================================================================================
[2025-11-16T09:12:03.818+0000] {manager.py:878} INFO - 
================================================================================
DAG File Processing Stats

File Path                         PID    Runtime      # DAGs    # Errors  Last Runtime    Last Run
--------------------------------  -----  ---------  --------  ----------  --------------  -------------------
/opt/airflow/dags/example_dag.py                           1           0  0.27s           2025-11-16T09:11:46
================================================================================
[2025-11-16T09:12:34.234+0000] {manager.py:878} INFO - 
================================================================================
DAG File Processing Stats

File Path                         PID    Runtime      # DAGs    # Errors  Last Runtime    Last Run
--------------------------------  -----  ---------  --------  ----------  --------------  -------------------
/opt/airflow/dags/example_dag.py                           1           0  0.25s           2025-11-16T09:12:17
================================================================================
[2025-11-16T09:13:04.592+0000] {manager.py:878} INFO - 
================================================================================
DAG File Processing Stats

File Path                         PID    Runtime      # DAGs    # Errors  Last Runtime    Last Run
--------------------------------  -----  ---------  --------  ----------  --------------  -------------------
/opt/airflow/dags/example_dag.py                           1           0  0.22s           2025-11-16T09:12:47
================================================================================
[2025-11-16T09:13:34.742+0000] {manager.py:878} INFO - 
================================================================================
DAG File Processing Stats

File Path                         PID    Runtime      # DAGs    # Errors  Last Runtime    Last Run
--------------------------------  -----  ---------  --------  ----------  --------------  -------------------
/opt/airflow/dags/example_dag.py                           1           0  0.34s           2025-11-16T09:13:19
================================================================================
[2025-11-16T09:14:04.980+0000] {manager.py:878} INFO - 
================================================================================
DAG File Processing Stats

File Path                         PID    Runtime      # DAGs    # Errors  Last Runtime    Last Run
--------------------------------  -----  ---------  --------  ----------  --------------  -------------------
/opt/airflow/dags/example_dag.py                           1           0  0.26s           2025-11-16T09:13:49
================================================================================
[2025-11-16T09:14:23.420+0000] {manager.py:737} INFO - Searching for files in /opt/airflow/dags
[2025-11-16T09:14:23.501+0000] {manager.py:740} INFO - There are 1 files in /opt/airflow/dags
[2025-11-16T09:14:35.297+0000] {manager.py:878} INFO - 
================================================================================
DAG File Processing Stats

File Path                         PID    Runtime      # DAGs    # Errors  Last Runtime    Last Run
--------------------------------  -----  ---------  --------  ----------  --------------  -------------------
/opt/airflow/dags/example_dag.py                           1           0  0.27s           2025-11-16T09:14:20
================================================================================
[2025-11-16T09:15:06.058+0000] {manager.py:878} INFO - 
================================================================================
DAG File Processing Stats

File Path                         PID    Runtime      # DAGs    # Errors  Last Runtime    Last Run
--------------------------------  -----  ---------  --------  ----------  --------------  -------------------
/opt/airflow/dags/example_dag.py                           1           0  0.36s           2025-11-16T09:14:50
================================================================================
[2025-11-16T09:15:36.511+0000] {manager.py:878} INFO - 
================================================================================
DAG File Processing Stats

File Path                         PID    Runtime      # DAGs    # Errors  Last Runtime    Last Run
--------------------------------  -----  ---------  --------  ----------  --------------  -------------------
/opt/airflow/dags/example_dag.py                           1           0  0.30s           2025-11-16T09:15:21
================================================================================
[2025-11-16T09:16:07.230+0000] {manager.py:878} INFO - 
================================================================================
DAG File Processing Stats

File Path                         PID    Runtime      # DAGs    # Errors  Last Runtime    Last Run
--------------------------------  -----  ---------  --------  ----------  --------------  -------------------
/opt/airflow/dags/example_dag.py                           1           0  0.32s           2025-11-16T09:15:52
================================================================================
[2025-11-16T09:16:37.580+0000] {manager.py:878} INFO - 
================================================================================
DAG File Processing Stats

File Path                         PID    Runtime      # DAGs    # Errors  Last Runtime    Last Run
--------------------------------  -----  ---------  --------  ----------  --------------  -------------------
/opt/airflow/dags/example_dag.py                           1           0  0.33s           2025-11-16T09:16:22
================================================================================
[2025-11-16T09:17:08.227+0000] {manager.py:878} INFO - 
================================================================================
DAG File Processing Stats

File Path                         PID    Runtime      # DAGs    # Errors  Last Runtime    Last Run
--------------------------------  -----  ---------  --------  ----------  --------------  -------------------
/opt/airflow/dags/example_dag.py                           1           0  0.36s           2025-11-16T09:16:53
================================================================================
[2025-11-16T09:17:38.877+0000] {manager.py:878} INFO - 
================================================================================
DAG File Processing Stats

File Path                         PID    Runtime      # DAGs    # Errors  Last Runtime    Last Run
--------------------------------  -----  ---------  --------  ----------  --------------  -------------------
/opt/airflow/dags/example_dag.py                           1           0  0.27s           2025-11-16T09:17:24
================================================================================
[2025-11-16T09:18:09.465+0000] {manager.py:878} INFO - 
================================================================================
DAG File Processing Stats

File Path                         PID    Runtime      # DAGs    # Errors  Last Runtime    Last Run
--------------------------------  -----  ---------  --------  ----------  --------------  -------------------
/opt/airflow/dags/example_dag.py                           1           0  0.29s           2025-11-16T09:17:54
================================================================================
[2025-11-16T09:18:39.870+0000] {manager.py:878} INFO - 
================================================================================
DAG File Processing Stats

File Path                         PID    Runtime      # DAGs    # Errors  Last Runtime    Last Run
--------------------------------  -----  ---------  --------  ----------  --------------  -------------------
/opt/airflow/dags/example_dag.py                           1           0  0.39s           2025-11-16T09:18:25
================================================================================
[2025-11-16T09:19:10.561+0000] {manager.py:878} INFO - 
================================================================================
DAG File Processing Stats

File Path                         PID    Runtime      # DAGs    # Errors  Last Runtime    Last Run
--------------------------------  -----  ---------  --------  ----------  --------------  -------------------
/opt/airflow/dags/example_dag.py                           1           0  0.25s           2025-11-16T09:18:55
================================================================================
[2025-11-16T09:19:23.698+0000] {manager.py:737} INFO - Searching for files in /opt/airflow/dags
[2025-11-16T09:19:23.770+0000] {manager.py:740} INFO - There are 1 files in /opt/airflow/dags
[2025-11-16T09:19:41.098+0000] {manager.py:878} INFO - 
================================================================================
DAG File Processing Stats

File Path                         PID    Runtime      # DAGs    # Errors  Last Runtime    Last Run
--------------------------------  -----  ---------  --------  ----------  --------------  -------------------
/opt/airflow/dags/example_dag.py                           1           0  0.25s           2025-11-16T09:19:26
================================================================================
[2025-11-16T09:20:11.480+0000] {manager.py:878} INFO - 
================================================================================
DAG File Processing Stats

File Path                         PID    Runtime      # DAGs    # Errors  Last Runtime    Last Run
--------------------------------  -----  ---------  --------  ----------  --------------  -------------------
/opt/airflow/dags/example_dag.py                           1           0  0.24s           2025-11-16T09:19:56
================================================================================
[2025-11-16T09:20:41.884+0000] {manager.py:878} INFO - 
================================================================================
DAG File Processing Stats

File Path                         PID    Runtime      # DAGs    # Errors  Last Runtime    Last Run
--------------------------------  -----  ---------  --------  ----------  --------------  -------------------
/opt/airflow/dags/example_dag.py                           1           0  0.25s           2025-11-16T09:20:26
================================================================================
[2025-11-16T09:21:12.297+0000] {manager.py:878} INFO - 
================================================================================
DAG File Processing Stats

File Path                         PID    Runtime      # DAGs    # Errors  Last Runtime    Last Run
--------------------------------  -----  ---------  --------  ----------  --------------  -------------------
/opt/airflow/dags/example_dag.py                           1           0  0.35s           2025-11-16T09:20:57
================================================================================
[2025-11-16T09:21:42.837+0000] {manager.py:878} INFO - 
================================================================================
DAG File Processing Stats

File Path                         PID    Runtime      # DAGs    # Errors  Last Runtime    Last Run
--------------------------------  -----  ---------  --------  ----------  --------------  -------------------
/opt/airflow/dags/example_dag.py                           1           0  0.34s           2025-11-16T09:21:27
================================================================================
[2025-11-16T09:22:13.247+0000] {manager.py:878} INFO - 
================================================================================
DAG File Processing Stats

File Path                         PID    Runtime      # DAGs    # Errors  Last Runtime    Last Run
--------------------------------  -----  ---------  --------  ----------  --------------  -------------------
/opt/airflow/dags/example_dag.py                           1           0  0.28s           2025-11-16T09:21:58
================================================================================
[2025-11-16T09:22:43.723+0000] {manager.py:878} INFO - 
================================================================================
DAG File Processing Stats

File Path                         PID    Runtime      # DAGs    # Errors  Last Runtime    Last Run
--------------------------------  -----  ---------  --------  ----------  --------------  -------------------
/opt/airflow/dags/example_dag.py                           1           0  0.22s           2025-11-16T09:22:28
================================================================================
[2025-11-16T09:23:14.073+0000] {manager.py:878} INFO - 
================================================================================
DAG File Processing Stats

File Path                         PID    Runtime      # DAGs    # Errors  Last Runtime    Last Run
--------------------------------  -----  ---------  --------  ----------  --------------  -------------------
/opt/airflow/dags/example_dag.py                           1           0  0.62s           2025-11-16T09:22:59
================================================================================
[2025-11-16T09:23:44.248+0000] {manager.py:878} INFO - 
================================================================================
DAG File Processing Stats

File Path                         PID    Runtime      # DAGs    # Errors  Last Runtime    Last Run
--------------------------------  -----  ---------  --------  ----------  --------------  -------------------
/opt/airflow/dags/example_dag.py                           1           0  0.28s           2025-11-16T09:23:30
================================================================================
[2025-11-16T09:24:14.515+0000] {manager.py:878} INFO - 
================================================================================
DAG File Processing Stats

File Path                         PID    Runtime      # DAGs    # Errors  Last Runtime    Last Run
--------------------------------  -----  ---------  --------  ----------  --------------  -------------------
/opt/airflow/dags/example_dag.py                           1           0  0.24s           2025-11-16T09:24:00
================================================================================
[2025-11-16T09:24:24.584+0000] {manager.py:737} INFO - Searching for files in /opt/airflow/dags
[2025-11-16T09:24:24.615+0000] {manager.py:740} INFO - There are 1 files in /opt/airflow/dags
[2025-11-16T09:24:44.814+0000] {manager.py:878} INFO - 
================================================================================
DAG File Processing Stats

File Path                         PID    Runtime      # DAGs    # Errors  Last Runtime    Last Run
--------------------------------  -----  ---------  --------  ----------  --------------  -------------------
/opt/airflow/dags/example_dag.py                           1           0  0.15s           2025-11-16T09:24:30
================================================================================
[2025-11-16T09:25:15.231+0000] {manager.py:878} INFO - 
================================================================================
DAG File Processing Stats

File Path                         PID    Runtime      # DAGs    # Errors  Last Runtime    Last Run
--------------------------------  -----  ---------  --------  ----------  --------------  -------------------
/opt/airflow/dags/example_dag.py                           1           0  0.23s           2025-11-16T09:25:01
================================================================================
[2025-11-16T09:25:45.722+0000] {manager.py:878} INFO - 
================================================================================
DAG File Processing Stats

File Path                         PID    Runtime      # DAGs    # Errors  Last Runtime    Last Run
--------------------------------  -----  ---------  --------  ----------  --------------  -------------------
/opt/airflow/dags/example_dag.py                           1           0  0.27s           2025-11-16T09:25:31
================================================================================
[2025-11-16T09:26:16.137+0000] {manager.py:878} INFO - 
================================================================================
DAG File Processing Stats

File Path                         PID    Runtime      # DAGs    # Errors  Last Runtime    Last Run
--------------------------------  -----  ---------  --------  ----------  --------------  -------------------
/opt/airflow/dags/example_dag.py                           1           0  0.19s           2025-11-16T09:26:02
================================================================================
[2025-11-16T09:26:46.585+0000] {manager.py:878} INFO - 
================================================================================
DAG File Processing Stats

File Path                         PID    Runtime      # DAGs    # Errors  Last Runtime    Last Run
--------------------------------  -----  ---------  --------  ----------  --------------  -------------------
/opt/airflow/dags/example_dag.py                           1           0  0.28s           2025-11-16T09:26:32
================================================================================
[2025-11-16T09:27:17.049+0000] {manager.py:878} INFO - 
================================================================================
DAG File Processing Stats

File Path                         PID    Runtime      # DAGs    # Errors  Last Runtime    Last Run
--------------------------------  -----  ---------  --------  ----------  --------------  -------------------
/opt/airflow/dags/example_dag.py                           1           0  0.22s           2025-11-16T09:27:02
================================================================================
[2025-11-16T09:27:47.466+0000] {manager.py:878} INFO - 
================================================================================
DAG File Processing Stats

File Path                         PID    Runtime      # DAGs    # Errors  Last Runtime    Last Run
--------------------------------  -----  ---------  --------  ----------  --------------  -------------------
/opt/airflow/dags/example_dag.py                           1           0  0.19s           2025-11-16T09:27:33
================================================================================
[2025-11-16T09:28:18.020+0000] {manager.py:878} INFO - 
================================================================================
DAG File Processing Stats

File Path                         PID    Runtime      # DAGs    # Errors  Last Runtime    Last Run
--------------------------------  -----  ---------  --------  ----------  --------------  -------------------
/opt/airflow/dags/example_dag.py                           1           0  0.30s           2025-11-16T09:28:03
================================================================================
[2025-11-16T09:28:48.434+0000] {manager.py:878} INFO - 
================================================================================
DAG File Processing Stats

File Path                         PID    Runtime      # DAGs    # Errors  Last Runtime    Last Run
--------------------------------  -----  ---------  --------  ----------  --------------  -------------------
/opt/airflow/dags/example_dag.py                           1           0  0.28s           2025-11-16T09:28:34
================================================================================
[2025-11-16T09:29:18.951+0000] {manager.py:878} INFO - 
================================================================================
DAG File Processing Stats

File Path                         PID    Runtime      # DAGs    # Errors  Last Runtime    Last Run
--------------------------------  -----  ---------  --------  ----------  --------------  -------------------
/opt/airflow/dags/example_dag.py                           1           0  0.29s           2025-11-16T09:29:04
================================================================================
[2025-11-16T09:29:25.007+0000] {manager.py:737} INFO - Searching for files in /opt/airflow/dags
[2025-11-16T09:29:25.053+0000] {manager.py:740} INFO - There are 1 files in /opt/airflow/dags
[2025-11-16T09:29:49.366+0000] {manager.py:878} INFO - 
================================================================================
DAG File Processing Stats

File Path                         PID    Runtime      # DAGs    # Errors  Last Runtime    Last Run
--------------------------------  -----  ---------  --------  ----------  --------------  -------------------
/opt/airflow/dags/example_dag.py                           1           0  0.23s           2025-11-16T09:29:35
================================================================================
[2025-11-16T09:30:19.827+0000] {manager.py:878} INFO - 
================================================================================
DAG File Processing Stats

File Path                         PID    Runtime      # DAGs    # Errors  Last Runtime    Last Run
--------------------------------  -----  ---------  --------  ----------  --------------  -------------------
/opt/airflow/dags/example_dag.py                           1           0  0.35s           2025-11-16T09:30:05
================================================================================
[2025-11-16T09:30:50.311+0000] {manager.py:878} INFO - 
================================================================================
DAG File Processing Stats

File Path                         PID    Runtime      # DAGs    # Errors  Last Runtime    Last Run
--------------------------------  -----  ---------  --------  ----------  --------------  -------------------
/opt/airflow/dags/example_dag.py                           1           0  0.23s           2025-11-16T09:30:36
================================================================================
[2025-11-16T09:31:20.643+0000] {manager.py:878} INFO - 
================================================================================
DAG File Processing Stats

File Path                         PID    Runtime      # DAGs    # Errors  Last Runtime    Last Run
--------------------------------  -----  ---------  --------  ----------  --------------  -------------------
/opt/airflow/dags/example_dag.py                           1           0  0.19s           2025-11-16T09:31:06
================================================================================
[2025-11-16T09:31:51.115+0000] {manager.py:878} INFO - 
================================================================================
DAG File Processing Stats

File Path                         PID    Runtime      # DAGs    # Errors  Last Runtime    Last Run
--------------------------------  -----  ---------  --------  ----------  --------------  -------------------
/opt/airflow/dags/example_dag.py                           1           0  0.32s           2025-11-16T09:31:37
================================================================================
[2025-11-16T09:31:53.362+0000] {manager.py:452} INFO - Exiting gracefully upon receiving signal 15
